Stopping xl2tpd (via systemctl): xl2tpd.service.
/usr/bin/poff: No pppd is running.  None stopped.
Starting xl2tpd (via systemctl): xl2tpd.service.
Remote target: root@172.16.15.52
Completed FPGA configuration
/home/cod/prj0-GangTee/run
Please input command:
add 1 2
Please input command:
add 13 85
Please input command:
add 3 5
Please input command:
add 13 4
Please input command:
add 167 88
Please input command:
Usage:
add <data1> <data2>	# result displayed in leds
state reset		# reset the counter
state run		# start the counter
state halt		# halt the counter
interval <data>		# set num of cycles after which the counter increases
count			# return the current counting result
quit			# quit program
(all data are represented in decimals)
Please input command:
add 167 89
Please input command:
Stopping xl2tpd (via systemctl): xl2tpd.service.
